<?xml version="1.0" encoding="UTF-8"?>
<!-- Generated by org.testng.reporters.JUnitReportReporter -->
<testsuite hostname="IN-996XTN3" failures="0" tests="2" name="Automation_wbsite_test.EndToEndWholeTest" time="51.439" errors="0" timestamp="2023-07-26T16:43:01 IST" skipped="0">
  <testcase classname="Automation_wbsite_test.EndToEndWholeTest" name="EndToEndTestRun" time="24.158"/>
  <system-out/>
  <testcase classname="Automation_wbsite_test.EndToEndWholeTest" name="EndToEndTestRun" time="27.281"/>
  <system-out/>
</testsuite> <!-- Automation_wbsite_test.EndToEndWholeTest -->
